Build started 2/17/2014 4:55:18 PM.
     1>Project "C:\Users\Samuel\Documents\GitHub\dbms\UnitTest1\UnitTest1.vcxproj" on node 2 (Build target(s)).
     1>ClCompile:
         C:\Program Files (x86)\Microsoft Visual Studio 12.0\VC\bin\CL.exe /c /I"C:\Program Files (x86)\Microsoft Visual Studio 12.0\VC\UnitTest\include" /ZI /nologo /W0 /WX- /Od /Oy- /D WIN32 /D _DEBUG /D _WINDLL /D _UNICODE /D UNICODE /Gm /EHsc /RTC1 /MDd /GS /fp:precise /Zc:wchar_t /Zc:forScope /Yc"stdafx.h" /Fp"Debug\UnitTest1.pch" /Fo"Debug\\" /Fd"Debug\vc120.pdb" /Gd /TP /analyze- /FC /errorReport:prompt stdafx.cpp
         stdafx.cpp
         C:\Program Files (x86)\Microsoft Visual Studio 12.0\VC\bin\CL.exe /c /I"C:\Program Files (x86)\Microsoft Visual Studio 12.0\VC\UnitTest\include" /ZI /nologo /W0 /WX- /Od /Oy- /D WIN32 /D _DEBUG /D _WINDLL /D _UNICODE /D UNICODE /Gm /EHsc /RTC1 /MDd /GS /fp:precise /Zc:wchar_t /Zc:forScope /Yu"stdafx.h" /Fp"Debug\UnitTest1.pch" /Fo"Debug\\" /Fd"Debug\vc120.pdb" /Gd /TP /analyze- /FC /errorReport:prompt unittest1.cpp
         unittest1.cpp
       Link:
         C:\Program Files (x86)\Microsoft Visual Studio 12.0\VC\bin\link.exe /ERRORREPORT:PROMPT /OUT:"C:\Users\Samuel\Documents\GitHub\dbms\Debug\UnitTest1.dll" /INCREMENTAL /NOLOGO /LIBPATH:"C:\Program Files (x86)\Microsoft Visual Studio 12.0\VC\UnitTest\lib" /LIBPATH:C:\Users\Samuel\Documents\GitHub\dbms\Debug dbms.lib kernel32.lib user32.lib gdi32.lib winspool.lib comdlg32.lib advapi32.lib shell32.lib ole32.lib oleaut32.lib uuid.lib odbc32.lib odbccp32.lib /MANIFEST /MANIFESTUAC:"level='asInvoker' uiAccess='false'" /manifest:embed /DEBUG /PDB:"C:\Users\Samuel\Documents\GitHub\dbms\Debug\UnitTest1.pdb" /SUBSYSTEM:WINDOWS /TLBID:1 /DYNAMICBASE /NXCOMPAT /IMPLIB:"C:\Users\Samuel\Documents\GitHub\dbms\Debug\UnitTest1.lib" /MACHINE:X86 /DLL Debug\stdafx.obj
         Debug\unittest1.obj
     1>dbms.lib(tokenizer.obj) : error LNK2005: "public: bool __thiscall comparison_obj::operator==(class comparison_obj const &)" (??8comparison_obj@@QAE_NABV0@@Z) already defined in dbms.lib(parser.obj)
     1>dbms.lib(tokenizer.obj) : error LNK2005: "public: bool __thiscall condition_obj::operator==(class condition_obj const &)" (??8condition_obj@@QAE_NABV0@@Z) already defined in dbms.lib(parser.obj)
     1>dbms.lib(tokenizer.obj) : error LNK2005: "public: bool __thiscall conjunction_obj::operator==(class conjunction_obj const &)" (??8conjunction_obj@@QAE_NABV0@@Z) already defined in dbms.lib(parser.obj)
     1>dbms.lib(tokenizer.obj) : error LNK2005: "public: bool __thiscall update_obj::operator==(class update_obj const &)" (??8update_obj@@QAE_NABV0@@Z) already defined in dbms.lib(parser.obj)
            Creating library C:\Users\Samuel\Documents\GitHub\dbms\Debug\UnitTest1.lib and object C:\Users\Samuel\Documents\GitHub\dbms\Debug\UnitTest1.exp
     1>C:\Users\Samuel\Documents\GitHub\dbms\Debug\UnitTest1.dll : fatal error LNK1169: one or more multiply defined symbols found
     1>Done Building Project "C:\Users\Samuel\Documents\GitHub\dbms\UnitTest1\UnitTest1.vcxproj" (Build target(s)) -- FAILED.

Build FAILED.

Time Elapsed 00:00:01.15
